#
# A fatal error has been detected by the Java Runtime Environment:
#
#  SIGSEGV (0xb) at pc=0x00007fff6d4f1a1d, pid=511, tid=0x0000000000000307
#
# JRE version: Java(TM) SE Runtime Environment (8.0_192-b12) (build 1.8.0_192-b12)
# Java VM: Java HotSpot(TM) 64-Bit Server VM (25.192-b12 mixed mode bsd-amd64 compressed oops)
# Problematic frame:
# C  [libobjc.A.dylib+0x7a1d]  objc_msgSend+0x1d
#
# Failed to write core dump. Core dumps have been disabled. To enable core dumping, try "ulimit -c unlimited" before starting Java again
#
# If you would like to submit a bug report, please visit:
#   http://bugreport.java.com/bugreport/crash.jsp
# The crash happened outside the Java Virtual Machine in native code.
# See problematic frame for where to report the bug.
#

---------------  T H R E A D  ---------------

Current thread (0x00007ff8e494d800):  JavaThread "AWT-AppKit" daemon [_thread_in_native, id=775, stack(0x00007ffeee0ea000,0x00007ffeee8ea000)]

siginfo: si_signo: 11 (SIGSEGV), si_code: 1 (SEGV_MAPERR), si_addr: 0x000007ff8e791308

Registers:
RAX=0x00007ff8e7809620, RBX=0x000000011b13d3b0, RCX=0x8a064cb42db50001, RDX=0x0000000000000001
RSP=0x00007ffeee8e5378, RBP=0x00007ffeee8e5430, RSI=0x00007fff3f4c67eb, RDI=0x00007ff8e66b72a0
R8 =0x0000000000000000, R9 =0x0000000000000000, R10=0x000007ff8e7912f0, R11=0x00007fff3f4c67eb
R12=0x0000000000000000, R13=0x000000014f394ca0, R14=0x000000011b13d3a0, R15=0x00007ff8e494d800
RIP=0x00007fff6d4f1a1d, EFLAGS=0x0000000000010206, ERR=0x0000000000000004
  TRAPNO=0x000000000000000e

Top of Stack: (sp=0x00007ffeee8e5378)
0x00007ffeee8e5378:   000000011b13b5d7 00007ffeee8e53d0
0x00007ffeee8e5388:   0000000000000003 00007ffeee8e53b0
0x00007ffeee8e5398:   00000001014847a2 000000014f394ca0
0x00007ffeee8e53a8:   000000014f394ca0 00007ff8e7809620
0x00007ffeee8e53b8:   000000011b13d5c0 000000011b13d640
0x00007ffeee8e53c8:   000000011b13d3b0 00007fff99dc1ca8
0x00007ffeee8e53d8:   000000011b13d5d0 00007fff9b4b7e38
0x00007ffeee8e53e8:   00007ff8e7809620 00007ff8e66b72a0
0x00007ffeee8e53f8:   00007ff8e3f13d10 00007ff8e7809620
0x00007ffeee8e5408:   00007ff8e66b72a0 00007ffeee8e54b8
0x00007ffeee8e5418:   00007ff8e494d9f8 000000014f394ca0
0x00007ffeee8e5428:   00007ffeee8e54e0 00007ffeee8e54a8
0x00007ffeee8e5438:   0000000104f85667 000000014f394ca0
0x00007ffeee8e5448:   00007ffeee8e54e0 00007ffeee8e54a8
0x00007ffeee8e5458:   0000000104f853c7 0000000104f85382
0x00007ffeee8e5468:   00007ffeee8e5468 000000014f394ca0
0x00007ffeee8e5478:   00007ffeee8e54e0 000000014f397490
0x00007ffeee8e5488:   0000000000000000 000000014f394ca0
0x00007ffeee8e5498:   0000000000000000 00007ffeee8e54c8
0x00007ffeee8e54a8:   00007ffeee8e5528 0000000104f752bd
0x00007ffeee8e54b8:   000000074043c638 0000000104f7ed18
0x00007ffeee8e54c8:   00007ff8e7809620 00007ffeee8e5528
0x00007ffeee8e54d8:   00007ff8e66b72a0 0000000104f80782
0x00007ffeee8e54e8:   00007ffeee8e54e8 000000014f394e6a
0x00007ffeee8e54f8:   00007ffeee8e5550 000000014f397490
0x00007ffeee8e5508:   0000000000000000 000000014f394e78
0x00007ffeee8e5518:   00007ffeee8e54c8 00007ffeee8e5538
0x00007ffeee8e5528:   00007ffeee8e5598 0000000104f752bd
0x00007ffeee8e5538:   00007ff8e7809620 00000007402d55b8
0x00007ffeee8e5548:   00007ff8e66b72a0 00000007402d55b8
0x00007ffeee8e5558:   00007ffeee8e5558 000000015624035e
0x00007ffeee8e5568:   00007ffeee8e55a8 0000000156240418 

Instructions: (pc=0x00007fff6d4f1a1d)
0x00007fff6d4f19fd:   0f 1f 00 48 85 ff 2e 74 62 40 f6 c7 01 2e 75 66
0x00007fff6d4f1a0d:   49 ba f8 ff ff ff ff 7f 00 00 4c 23 17 49 89 f3
0x00007fff6d4f1a1d:   45 23 5a 18 49 c1 e3 04 4d 03 5a 10 49 3b 33 75
0x00007fff6d4f1a2d:   04 41 ff 63 08 49 83 3b 01 76 0d 49 83 c3 10 49 

Register to memory mapping:

RAX=0x00007ff8e7809620 is an unknown value
RBX=0x000000011b13d3b0: Java_jogamp_nativewindow_macosx_OSXUtil_GetScreenRefreshRate0+0x1850 in /private/var/folders/mq/bztmbnc13v74yy3hk88lnzf00000gn/T/jogamp_0000/file_cache/jln2293236731913571349/jln6649535671047706438/libnativewindow_macosx.jnilib at 0x000000011b136000
RCX=0x8a064cb42db50001 is an unknown value
RDX=0x0000000000000001 is an unknown value
RSP=0x00007ffeee8e5378 is pointing into the stack for thread: 0x00007ff8e494d800
RBP=0x00007ffeee8e5430 is pointing into the stack for thread: 0x00007ff8e494d800
RSI=0x00007fff3f4c67eb: GCC_except_table7+0x9eaf in /System/Library/Frameworks/AppKit.framework/Versions/C/AppKit at 0x00007fff3e8b7000
RDI=0x00007ff8e66b72a0 is an unknown value
R8 =0x0000000000000000 is an unknown value
R9 =0x0000000000000000 is an unknown value
R10=0x000007ff8e7912f0 is an unknown value
R11=0x00007fff3f4c67eb: GCC_except_table7+0x9eaf in /System/Library/Frameworks/AppKit.framework/Versions/C/AppKit at 0x00007fff3e8b7000
R12=0x0000000000000000 is an unknown value
R13={method} {0x000000014f394ca0} 'UnsetJAWTRootSurfaceLayer0' '(JJ)V' in 'jogamp/nativewindow/jawt/macosx/MacOSXJAWTWindow'
R14=0x000000011b13d3a0: Java_jogamp_nativewindow_macosx_OSXUtil_GetScreenRefreshRate0+0x1840 in /private/var/folders/mq/bztmbnc13v74yy3hk88lnzf00000gn/T/jogamp_0000/file_cache/jln2293236731913571349/jln6649535671047706438/libnativewindow_macosx.jnilib at 0x000000011b136000
R15=0x00007ff8e494d800 is a thread


Stack: [0x00007ffeee0ea000,0x00007ffeee8ea000],  sp=0x00007ffeee8e5378,  free space=8172k
Native frames: (J=compiled Java code, j=interpreted, Vv=VM code, C=native code)
C  [libobjc.A.dylib+0x7a1d]  objc_msgSend+0x1d
j  jogamp.nativewindow.jawt.macosx.MacOSXJAWTWindow.UnsetJAWTRootSurfaceLayer0(JJ)V+0
j  jogamp.nativewindow.jawt.macosx.MacOSXJAWTWindow.access$200(JJ)V+2
j  jogamp.nativewindow.jawt.macosx.MacOSXJAWTWindow$1.run()V+38
J 3973 C2 com.jogamp.common.util.RunnableTask.run()V (345 bytes) @ 0x00000001058a4df8 [0x00000001058a4d40+0xb8]
v  ~StubRoutines::call_stub
V  [libjvm.dylib+0x2f020a]  JavaCalls::call_helper(JavaValue*, methodHandle*, JavaCallArguments*, Thread*)+0x6ae
V  [libjvm.dylib+0x327548]  jni_invoke_nonstatic(JNIEnv_*, JavaValue*, _jobject*, JNICallType, _jmethodID*, JNI_ArgumentPusher*, Thread*)+0x2ec
V  [libjvm.dylib+0x319d2b]  jni_CallVoidMethod+0x16b
C  [libnativewindow_macosx.jnilib+0x57ae]  Java_jogamp_nativewindow_jawt_macosx_MacOSXJAWTWindow_UnsetJAWTRootSurfaceLayer0+0x2be
C  [Foundation+0xb1bab]  __NSThreadPerformPerform+0x147
C  [CoreFoundation+0x58395]  __CFRUNLOOP_IS_CALLING_OUT_TO_A_SOURCE0_PERFORM_FUNCTION__+0x11
C  [CoreFoundation+0x5833b]  __CFRunLoopDoSource0+0x6c
C  [CoreFoundation+0x3bdd1]  __CFRunLoopDoSources0+0xc3
C  [CoreFoundation+0x3b37a]  __CFRunLoopRun+0x4c3
C  [CoreFoundation+0x3ac64]  CFRunLoopRunSpecific+0x1cf
C  [HIToolbox+0xaab5]  RunCurrentEventLoopInMode+0x125
C  [HIToolbox+0xa6f4]  ReceiveNextEventCommon+0x173
C  [HIToolbox+0xa568]  _BlockUntilNextEventMatchingListInModeWithFilter+0x40
C  [AppKit+0x1b363]  _DPSNextEvent+0x3e5
C  [AppKit+0x1a102]  -[NSApplication(NSEvent) _nextEventMatchingEventMask:untilDate:inMode:dequeue:]+0x552
C  [libosxapp.dylib+0x2328]  -[NSApplicationAWT nextEventMatchingMask:untilDate:inMode:dequeue:]+0x7c
C  [AppKit+0x14165]  -[NSApplication run]+0x2bb
C  [libosxapp.dylib+0x1f72]  +[NSApplicationAWT runAWTLoopWithApp:]+0x9c
C  [libawt_lwawt.dylib+0x4711f]  -[AWTStarter starter:]+0x389
C  [Foundation+0xb1bab]  __NSThreadPerformPerform+0x147
C  [CoreFoundation+0x58395]  __CFRUNLOOP_IS_CALLING_OUT_TO_A_SOURCE0_PERFORM_FUNCTION__+0x11
C  [CoreFoundation+0x5833b]  __CFRunLoopDoSource0+0x6c
C  [CoreFoundation+0x3bdd1]  __CFRunLoopDoSources0+0xc3
C  [CoreFoundation+0x3b37a]  __CFRunLoopRun+0x4c3
C  [CoreFoundation+0x3ac64]  CFRunLoopRunSpecific+0x1cf
C  [java+0x646e]  CreateExecutionEnvironment+0x367
C  [java+0x203c]  JLI_Launch+0x7a0
C  [java+0x84cb]  main+0x65
C  [java+0x1894]  start+0x34
C  0x0000000000000007

Java frames: (J=compiled Java code, j=interpreted, Vv=VM code)
j  jogamp.nativewindow.jawt.macosx.MacOSXJAWTWindow.UnsetJAWTRootSurfaceLayer0(JJ)V+0
j  jogamp.nativewindow.jawt.macosx.MacOSXJAWTWindow.access$200(JJ)V+2
j  jogamp.nativewindow.jawt.macosx.MacOSXJAWTWindow$1.run()V+38
J 3973 C2 com.jogamp.common.util.RunnableTask.run()V (345 bytes) @ 0x00000001058a4df8 [0x00000001058a4d40+0xb8]
v  ~StubRoutines::call_stub

---------------  P R O C E S S  ---------------

Java Threads: ( => current thread )
  0x00007ff8e4e69800 JavaThread "Thread-32" [_thread_blocked, id=73095, stack(0x0000700011583000,0x0000700011683000)]
  0x00007ff8e9c10000 JavaThread "Thread-31" [_thread_in_native, id=29139, stack(0x000070001137d000,0x000070001147d000)]
  0x00007ff8e8941800 JavaThread "Thread-30" [_thread_in_native, id=60431, stack(0x0000700010ff1000,0x00007000110f1000)]
  0x00007ff8e9c46800 JavaThread "Thread-29" [_thread_in_native, id=57203, stack(0x0000700010eee000,0x0000700010fee000)]
  0x00007ff8e9a0d000 JavaThread "Thread-28" [_thread_in_native, id=32027, stack(0x0000700010deb000,0x0000700010eeb000)]
  0x00007ff8e862d000 JavaThread "Image Fetcher 2" daemon [_thread_blocked, id=11783, stack(0x0000700011480000,0x0000700011580000)]
  0x00007ff8e9833000 JavaThread "Image Fetcher 1" daemon [_thread_blocked, id=19219, stack(0x00007000105cd000,0x00007000106cd000)]
  0x00007ff8e4093800 JavaThread "Image Fetcher 0" daemon [_thread_blocked, id=70151, stack(0x000070001127a000,0x000070001137a000)]
  0x00007ff8e4f94800 JavaThread "Keep-Alive-Timer" daemon [_thread_blocked, id=70703, stack(0x0000700011177000,0x0000700011277000)]
  0x00007ff8e5000800 JavaThread "AWT-EventQueue-1" [_thread_blocked, id=55107, stack(0x0000700010ce8000,0x0000700010de8000)]
  0x00007ff8e4243800 JavaThread "DestroyJavaVM" [_thread_blocked, id=3843, stack(0x000070000f59a000,0x000070000f69a000)]
  0x00007ff8e4a91800 JavaThread "AWT-EventQueue-0" [_thread_blocked, id=77319, stack(0x0000700010ae2000,0x0000700010be2000)]
  0x00007ff8e5161800 JavaThread "Java2D Disposer" daemon [_thread_blocked, id=50963, stack(0x0000700010859000,0x0000700010959000)]
  0x00007ff8e495f000 JavaThread "Java2D Queue Flusher" daemon [_thread_blocked, id=44647, stack(0x0000700010756000,0x0000700010856000)]
  0x00007ff8e5959800 JavaThread "AWT-Shutdown" [_thread_blocked, id=26407, stack(0x0000700010447000,0x0000700010547000)]
=>0x00007ff8e494d800 JavaThread "AWT-AppKit" daemon [_thread_in_native, id=775, stack(0x00007ffeee0ea000,0x00007ffeee8ea000)]
  0x00007ff8e505b000 JavaThread "Service Thread" daemon [_thread_blocked, id=13827, stack(0x0000700010241000,0x0000700010341000)]
  0x00007ff8e5050000 JavaThread "C1 CompilerThread2" daemon [_thread_blocked, id=17667, stack(0x000070001013e000,0x000070001023e000)]
  0x00007ff8e501a000 JavaThread "C2 CompilerThread1" daemon [_thread_blocked, id=13571, stack(0x000070001003b000,0x000070001013b000)]
  0x00007ff8e5018000 JavaThread "C2 CompilerThread0" daemon [_thread_blocked, id=18179, stack(0x000070000ff38000,0x0000700010038000)]
  0x00007ff8e504f800 JavaThread "Signal Dispatcher" daemon [_thread_blocked, id=13059, stack(0x000070000fe35000,0x000070000ff35000)]
  0x00007ff8e504a000 JavaThread "Finalizer" daemon [_thread_blocked, id=20227, stack(0x000070000fd32000,0x000070000fe32000)]
  0x00007ff8e5043800 JavaThread "Reference Handler" daemon [_thread_blocked, id=20739, stack(0x000070000fc2f000,0x000070000fd2f000)]

Other Threads:
  0x00007ff8e503d000 VMThread [stack: 0x000070000fb2c000,0x000070000fc2c000] [id=21251]
  0x00007ff8e4007800 WatcherThread [stack: 0x0000700010344000,0x0000700010444000] [id=14339]

VM state:not at safepoint (normal execution)

VM Mutex/Monitor currently owned by a thread: None

heap address: 0x0000000740000000, size: 2048 MB, Compressed Oops mode: Zero based, Oop shift amount: 3
Narrow klass base: 0x0000000000000000, Narrow klass shift: 3
Compressed class space size: 1073741824 Address: 0x00000007c0000000

Heap:
 PSYoungGen      total 55296K, used 44612K [0x0000000795580000, 0x0000000799280000, 0x00000007c0000000)
  eden space 50176K, 86% used [0x0000000795580000,0x0000000797fb52e0,0x0000000798680000)
  from space 5120K, 27% used [0x0000000798d80000,0x0000000798edc050,0x0000000799280000)
  to   space 6144K, 0% used [0x0000000798680000,0x0000000798680000,0x0000000798c80000)
 ParOldGen       total 67072K, used 24872K [0x0000000740000000, 0x0000000744180000, 0x0000000795580000)
  object space 67072K, 37% used [0x0000000740000000,0x000000074184a0e8,0x0000000744180000)
 Metaspace       used 25142K, capacity 25581K, committed 25984K, reserved 1073152K
  class space    used 2493K, capacity 2631K, committed 2688K, reserved 1048576K

Card table byte_map: [0x0000000102fc0000,0x00000001033c1000] byte_map_base: 0x00000000ff5c0000

Marking Bits: (ParMarkBitMap*) 0x0000000101c3be40
 Begin Bits: [0x0000000113f6d000, 0x0000000115f6d000)
 End Bits:   [0x0000000115f6d000, 0x0000000117f6d000)

Polling page: 0x000000010233b000

CodeCache: size=245760Kb used=11783Kb max_used=12150Kb free=233976Kb
 bounds [0x0000000104f6d000, 0x0000000105b8d000, 0x0000000113f6d000]
 total_blobs=4335 nmethods=3379 adapters=868
 compilation: enabled

Compilation events (10 events):
Event: 190.054 Thread 0x00007ff8e501a000 4103       4       sun.java2d.SurfaceData::pixelFor (13 bytes)
Event: 190.054 Thread 0x00007ff8e5050000 nmethod 4102 0x00000001050f4e50 code [0x00000001050f4fc0, 0x00000001050f5308]
Event: 190.054 Thread 0x00007ff8e5018000 nmethod 4101 0x0000000105574b10 code [0x0000000105574c60, 0x0000000105574cd8]
Event: 190.058 Thread 0x00007ff8e501a000 nmethod 4103 0x0000000105167310 code [0x0000000105167460, 0x0000000105167598]
Event: 190.085 Thread 0x00007ff8e5018000 4104       4       java.util.HashMap::remove (26 bytes)
Event: 190.086 Thread 0x00007ff8e5050000 4105       1       java.awt.AWTEvent::isConsumed (5 bytes)
Event: 190.086 Thread 0x00007ff8e5050000 nmethod 4105 0x00000001052f1b90 code [0x00000001052f1ce0, 0x00000001052f1df0]
Event: 190.086 Thread 0x00007ff8e501a000 4106       4       java.beans.WeakIdentityMap$Entry::isMatched (22 bytes)
Event: 190.087 Thread 0x00007ff8e501a000 nmethod 4106 0x000000010563e7d0 code [0x000000010563e920, 0x000000010563e9d8]
Event: 190.100 Thread 0x00007ff8e5018000 nmethod 4104 0x0000000105864fd0 code [0x0000000105865160, 0x00000001058656f8]

GC Heap History (10 events):
Event: 173.855 GC heap before
{Heap before GC invocations=33 (full 1):
 PSYoungGen      total 55808K, used 55424K [0x0000000795580000, 0x0000000799a80000, 0x00000007c0000000)
  eden space 55296K, 100% used [0x0000000795580000,0x0000000798b80000,0x0000000798b80000)
  from space 512K, 25% used [0x0000000798c80000,0x0000000798ca0000,0x0000000798d00000)
  to   space 7680K, 0% used [0x0000000799300000,0x0000000799300000,0x0000000799a80000)
 ParOldGen       total 67072K, used 24800K [0x0000000740000000, 0x0000000744180000, 0x0000000795580000)
  object space 67072K, 36% used [0x0000000740000000,0x00000007418380e8,0x0000000744180000)
 Metaspace       used 25050K, capacity 25449K, committed 25728K, reserved 1073152K
  class space    used 2479K, capacity 2629K, committed 2688K, reserved 1048576K
Event: 173.857 GC heap after
Heap after GC invocations=33 (full 1):
 PSYoungGen      total 59904K, used 192K [0x0000000795580000, 0x0000000799880000, 0x00000007c0000000)
  eden space 54272K, 0% used [0x0000000795580000,0x0000000795580000,0x0000000798a80000)
  from space 5632K, 3% used [0x0000000799300000,0x0000000799330000,0x0000000799880000)
  to   space 7168K, 0% used [0x0000000798a80000,0x0000000798a80000,0x0000000799180000)
 ParOldGen       total 67072K, used 24800K [0x0000000740000000, 0x0000000744180000, 0x0000000795580000)
  object space 67072K, 36% used [0x0000000740000000,0x00000007418380e8,0x0000000744180000)
 Metaspace       used 25050K, capacity 25449K, committed 25728K, reserved 1073152K
  class space    used 2479K, capacity 2629K, committed 2688K, reserved 1048576K
}
Event: 177.622 GC heap before
{Heap before GC invocations=34 (full 1):
 PSYoungGen      total 59904K, used 54464K [0x0000000795580000, 0x0000000799880000, 0x00000007c0000000)
  eden space 54272K, 100% used [0x0000000795580000,0x0000000798a80000,0x0000000798a80000)
  from space 5632K, 3% used [0x0000000799300000,0x0000000799330000,0x0000000799880000)
  to   space 7168K, 0% used [0x0000000798a80000,0x0000000798a80000,0x0000000799180000)
 ParOldGen       total 67072K, used 24800K [0x0000000740000000, 0x0000000744180000, 0x0000000795580000)
  object space 67072K, 36% used [0x0000000740000000,0x00000007418380e8,0x0000000744180000)
 Metaspace       used 25051K, capacity 25449K, committed 25728K, reserved 1073152K
  class space    used 2479K, capacity 2629K, committed 2688K, reserved 1048576K
Event: 177.625 GC heap after
Heap after GC invocations=34 (full 1):
 PSYoungGen      total 53760K, used 192K [0x0000000795580000, 0x0000000799780000, 0x00000007c0000000)
  eden space 53248K, 0% used [0x0000000795580000,0x0000000795580000,0x0000000798980000)
  from space 512K, 37% used [0x0000000798a80000,0x0000000798ab0000,0x0000000798b00000)
  to   space 7168K, 0% used [0x0000000799080000,0x0000000799080000,0x0000000799780000)
 ParOldGen       total 67072K, used 24824K [0x0000000740000000, 0x0000000744180000, 0x0000000795580000)
  object space 67072K, 37% used [0x0000000740000000,0x000000074183e0e8,0x0000000744180000)
 Metaspace       used 25051K, capacity 25449K, committed 25728K, reserved 1073152K
  class space    used 2479K, capacity 2629K, committed 2688K, reserved 1048576K
}
Event: 181.321 GC heap before
{Heap before GC invocations=35 (full 1):
 PSYoungGen      total 53760K, used 53440K [0x0000000795580000, 0x0000000799780000, 0x00000007c0000000)
  eden space 53248K, 100% used [0x0000000795580000,0x0000000798980000,0x0000000798980000)
  from space 512K, 37% used [0x0000000798a80000,0x0000000798ab0000,0x0000000798b00000)
  to   space 7168K, 0% used [0x0000000799080000,0x0000000799080000,0x0000000799780000)
 ParOldGen       total 67072K, used 24824K [0x0000000740000000, 0x0000000744180000, 0x0000000795580000)
  object space 67072K, 37% used [0x0000000740000000,0x000000074183e0e8,0x0000000744180000)
 Metaspace       used 25051K, capacity 25449K, committed 25728K, reserved 1073152K
  class space    used 2479K, capacity 2629K, committed 2688K, reserved 1048576K
Event: 181.323 GC heap after
Heap after GC invocations=35 (full 1):
 PSYoungGen      total 57344K, used 128K [0x0000000795580000, 0x0000000799580000, 0x00000007c0000000)
  eden space 52224K, 0% used [0x0000000795580000,0x0000000795580000,0x0000000798880000)
  from space 5120K, 2% used [0x0000000799080000,0x00000007990a0000,0x0000000799580000)
  to   space 6656K, 0% used [0x0000000798880000,0x0000000798880000,0x0000000798f00000)
 ParOldGen       total 67072K, used 24832K [0x0000000740000000, 0x0000000744180000, 0x0000000795580000)
  object space 67072K, 37% used [0x0000000740000000,0x00000007418400e8,0x0000000744180000)
 Metaspace       used 25051K, capacity 25449K, committed 25728K, reserved 1073152K
  class space    used 2479K, capacity 2629K, committed 2688K, reserved 1048576K
}
Event: 185.171 GC heap before
{Heap before GC invocations=36 (full 1):
 PSYoungGen      total 57344K, used 52352K [0x0000000795580000, 0x0000000799580000, 0x00000007c0000000)
  eden space 52224K, 100% used [0x0000000795580000,0x0000000798880000,0x0000000798880000)
  from space 5120K, 2% used [0x0000000799080000,0x00000007990a0000,0x0000000799580000)
  to   space 6656K, 0% used [0x0000000798880000,0x0000000798880000,0x0000000798f00000)
 ParOldGen       total 67072K, used 24832K [0x0000000740000000, 0x0000000744180000, 0x0000000795580000)
  object space 67072K, 37% used [0x0000000740000000,0x00000007418400e8,0x0000000744180000)
 Metaspace       used 25051K, capacity 25449K, committed 25728K, reserved 1073152K
  class space    used 2479K, capacity 2629K, committed 2688K, reserved 1048576K
Event: 185.172 GC heap after
Heap after GC invocations=36 (full 1):
 PSYoungGen      total 51712K, used 128K [0x0000000795580000, 0x0000000799380000, 0x00000007c0000000)
  eden space 51200K, 0% used [0x0000000795580000,0x0000000795580000,0x0000000798780000)
  from space 512K, 25% used [0x0000000798880000,0x00000007988a0000,0x0000000798900000)
  to   space 6144K, 0% used [0x0000000798d80000,0x0000000798d80000,0x0000000799380000)
 ParOldGen       total 67072K, used 24864K [0x0000000740000000, 0x0000000744180000, 0x0000000795580000)
  object space 67072K, 37% used [0x0000000740000000,0x00000007418480e8,0x0000000744180000)
 Metaspace       used 25051K, capacity 25449K, committed 25728K, reserved 1073152K
  class space    used 2479K, capacity 2629K, committed 2688K, reserved 1048576K
}
Event: 188.550 GC heap before
{Heap before GC invocations=37 (full 1):
 PSYoungGen      total 51712K, used 51328K [0x0000000795580000, 0x0000000799380000, 0x00000007c0000000)
  eden space 51200K, 100% used [0x0000000795580000,0x0000000798780000,0x0000000798780000)
  from space 512K, 25% used [0x0000000798880000,0x00000007988a0000,0x0000000798900000)
  to   space 6144K, 0% used [0x0000000798d80000,0x0000000798d80000,0x0000000799380000)
 ParOldGen       total 67072K, used 24864K [0x0000000740000000, 0x0000000744180000, 0x0000000795580000)
  object space 67072K, 37% used [0x0000000740000000,0x00000007418480e8,0x0000000744180000)
 Metaspace       used 25059K, capacity 25449K, committed 25728K, reserved 1073152K
  class space    used 2479K, capacity 2629K, committed 2688K, reserved 1048576K
Event: 188.553 GC heap after
Heap after GC invocations=37 (full 1):
 PSYoungGen      total 55296K, used 1392K [0x0000000795580000, 0x0000000799280000, 0x00000007c0000000)
  eden space 50176K, 0% used [0x0000000795580000,0x0000000795580000,0x0000000798680000)
  from space 5120K, 27% used [0x0000000798d80000,0x0000000798edc050,0x0000000799280000)
  to   space 6144K, 0% used [0x0000000798680000,0x0000000798680000,0x0000000798c80000)
 ParOldGen       total 67072K, used 24872K [0x0000000740000000, 0x0000000744180000, 0x0000000795580000)
  object space 67072K, 37% used [0x0000000740000000,0x000000074184a0e8,0x0000000744180000)
 Metaspace       used 25059K, capacity 25449K, committed 25728K, reserved 1073152K
  class space    used 2479K, capacity 2629K, committed 2688K, reserved 1048576K
}

Deoptimization events (10 events):
Event: 190.057 Thread 0x00007ff8e4a91800 Uncommon trap: reason=unstable_if action=reinterpret pc=0x00000001058fc654 method=java.awt.Font.equals(Ljava/lang/Object;)Z @ 2
Event: 190.069 Thread 0x00007ff8e5000800 Uncommon trap: reason=class_check action=maybe_recompile pc=0x000000010585ee3c method=java.awt.event.InvocationEvent.dispatch()V @ 11
Event: 190.084 Thread 0x00007ff8e4171000 Uncommon trap: reason=class_check action=maybe_recompile pc=0x00000001054bdf38 method=java.util.HashMap.putVal(ILjava/lang/Object;Ljava/lang/Object;ZZ)Ljava/lang/Object; @ 91
Event: 190.084 Thread 0x00007ff8e4171000 Uncommon trap: reason=class_check action=maybe_recompile pc=0x00000001054b6d4c method=java.util.HashMap.putVal(ILjava/lang/Object;Ljava/lang/Object;ZZ)Ljava/lang/Object; @ 91
Event: 190.086 Thread 0x00007ff8e4a91800 Uncommon trap: reason=class_check action=maybe_recompile pc=0x00000001051cc23c method=java.awt.Component.getGraphics()Ljava/awt/Graphics; @ 114
Event: 190.086 Thread 0x00007ff8e4a91800 Uncommon trap: reason=speculate_class_check action=maybe_recompile pc=0x00000001058050f0 method=sun.lwawt.LWComponentPeer.getOnscreenGraphics()Ljava/awt/Graphics; @ 1
Event: 190.086 Thread 0x00007ff8e4a91800 Uncommon trap: reason=speculate_class_check action=maybe_recompile pc=0x00000001053d3700 method=sun.lwawt.LWComponentPeer.applyConstrain(Ljava/awt/Graphics;)V @ 32
Event: 190.086 Thread 0x00007ff8e4a91800 Uncommon trap: reason=unstable_if action=reinterpret pc=0x0000000105a9a8e8 method=sun.java2d.pipe.Region.isEmpty()Z @ 19
Event: 190.094 Thread 0x00007ff8e5000800 Uncommon trap: reason=unstable_if action=reinterpret pc=0x000000010584855c method=jogamp.opengl.GLContextImpl.release(Z)V @ 257
Event: 190.097 Thread 0x00007ff8e5000800 Uncommon trap: reason=unstable_if action=reinterpret pc=0x0000000105aaf6d8 method=java.util.LinkedList$ListItr.<init>(Ljava/util/LinkedList;I)V @ 26

Classes redefined (0 events):
No events

Internal exceptions (10 events):
Event: 0.222 Thread 0x00007ff8e5000800 Exception <a 'java/lang/NoSuchFieldError': method resolution failed> (0x00000007957a5620) thrown at [/Users/java_re/workspace/8-2-build-macosx-x86_64/jdk8u192/11897/hotspot/src/share/vm/prims/methodHandles.cpp, line 1167]
Event: 0.442 Thread 0x00007ff8e5000800 Exception <a 'java/io/FileNotFoundException'> (0x0000000795820d90) thrown at [/Users/java_re/workspace/8-2-build-macosx-x86_64/jdk8u192/11897/hotspot/src/share/vm/prims/jni.cpp, line 709]
Event: 0.442 Thread 0x00007ff8e5000800 Exception <a 'java/io/FileNotFoundException'> (0x0000000795821928) thrown at [/Users/java_re/workspace/8-2-build-macosx-x86_64/jdk8u192/11897/hotspot/src/share/vm/prims/jni.cpp, line 709]
Event: 0.550 Thread 0x00007ff8e5000800 Exception <a 'java/io/FileNotFoundException'> (0x00000007958a50d8) thrown at [/Users/java_re/workspace/8-2-build-macosx-x86_64/jdk8u192/11897/hotspot/src/share/vm/prims/jni.cpp, line 709]
Event: 2.468 Thread 0x00007ff8e4274800 Exception <a 'java/lang/UnsatisfiedLinkError': com.jogamp.common.util.JarUtil.fixNativeLibAttribs(Ljava/lang/String;)Z> (0x0000000796b84cf8) thrown at [/Users/java_re/workspace/8-2-build-macosx-x86_64/jdk8u192/11897/hotspot/src/share/vm/prims/nativeLookup
Event: 2.823 Thread 0x00007ff8e504a000 Exception <a 'java/lang/NullPointerException'> (0x00000007956a8058) thrown at [/Users/java_re/workspace/8-2-build-macosx-x86_64/jdk8u192/11897/hotspot/src/share/vm/interpreter/linkResolver.cpp, line 1185]
Event: 3.591 Thread 0x00007ff8e5000800 Exception <a 'java/io/FileNotFoundException'> (0x0000000795eaba60) thrown at [/Users/java_re/workspace/8-2-build-macosx-x86_64/jdk8u192/11897/hotspot/src/share/vm/prims/jni.cpp, line 709]
Event: 3.591 Thread 0x00007ff8e5000800 Exception <a 'java/io/FileNotFoundException'> (0x0000000795eb1be0) thrown at [/Users/java_re/workspace/8-2-build-macosx-x86_64/jdk8u192/11897/hotspot/src/share/vm/prims/jni.cpp, line 709]
Event: 3.592 Thread 0x00007ff8e5000800 Implicit null exception at 0x000000010514b376 to 0x000000010514b739
Event: 3.937 Thread 0x00007ff8e5000800 Implicit null exception at 0x00000001053693c6 to 0x000000010536960d

Events (10 events):
Event: 190.099 Executing VM operation: Deoptimize
Event: 190.100 Executing VM operation: Deoptimize done
Event: 190.100 loading class java/awt/Toolkit$ToolkitEventMulticaster
Event: 190.100 Thread 0x00007ff8e5018000 flushing nmethod 0x0000000105452ad0
Event: 190.100 loading class java/awt/Toolkit$ToolkitEventMulticaster done
Event: 190.101 Thread 0x00007ff8e4171000 Thread exited: 0x00007ff8e4171000
Event: 190.101 loading class java/lang/IllegalThreadStateException
Event: 190.101 loading class java/lang/IllegalThreadStateException done
Event: 190.101 loading class java/awt/Window$1DisposeAction
Event: 190.101 loading class java/awt/Window$1DisposeAction done


Dynamic libraries:
0x00007fff40b23000 	/System/Library/Frameworks/Cocoa.framework/Versions/A/Cocoa
0x00007fff4cde2000 	/System/Library/Frameworks/Security.framework/Versions/A/Security
0x00007fff3f72a000 	/System/Library/Frameworks/ApplicationServices.framework/Versions/A/ApplicationServices
0x00007fff6e3cd000 	/usr/lib/libz.1.dylib
0x00007fff6ba42000 	/usr/lib/libSystem.B.dylib
0x00007fff6d4ea000 	/usr/lib/libobjc.A.dylib
0x00007fff41346000 	/System/Library/Frameworks/CoreFoundation.framework/Versions/A/CoreFoundation
0x00007fff436cb000 	/System/Library/Frameworks/Foundation.framework/Versions/C/Foundation
0x00007fff3e8b7000 	/System/Library/Frameworks/AppKit.framework/Versions/C/AppKit
0x00007fff40eba000 	/System/Library/Frameworks/CoreData.framework/Versions/A/CoreData
0x00007fff64c10000 	/System/Library/PrivateFrameworks/RemoteViewServices.framework/Versions/A/RemoteViewServices
0x00007fff69710000 	/System/Library/PrivateFrameworks/UIFoundation.framework/Versions/A/UIFoundation
0x00007fff6aec8000 	/System/Library/PrivateFrameworks/XCTTargetBootstrap.framework/Versions/A/XCTTargetBootstrap
0x00007fff5f717000 	/System/Library/PrivateFrameworks/IconServices.framework/Versions/A/IconServices
0x00007fff45f95000 	/System/Library/Frameworks/Metal.framework/Versions/A/Metal
0x00007fff56919000 	/System/Library/PrivateFrameworks/DesktopServicesPriv.framework/Versions/A/DesktopServicesPriv
0x00007fff6c7fd000 	/usr/lib/libenergytrace.dylib
0x00007fff67481000 	/System/Library/PrivateFrameworks/SkyLight.framework/Versions/A/SkyLight
0x00007fff41795000 	/System/Library/Frameworks/CoreGraphics.framework/Versions/A/CoreGraphics
0x00007fff3d672000 	/System/Library/Frameworks/Accelerate.framework/Versions/A/Accelerate
0x00007fff43e55000 	/System/Library/Frameworks/IOSurface.framework/Versions/A/IOSurface
0x00007fff5677b000 	/System/Library/PrivateFrameworks/DFRFoundation.framework/Versions/A/DFRFoundation
0x00007fff3fc2f000 	/System/Library/Frameworks/AudioToolbox.framework/Versions/A/AudioToolbox
0x00007fff3fece000 	/System/Library/Frameworks/AudioUnit.framework/Versions/A/AudioUnit
0x00007fff56812000 	/System/Library/PrivateFrameworks/DataDetectorsCore.framework/Versions/A/DataDetectorsCore
0x00007fff4060d000 	/System/Library/Frameworks/Carbon.framework/Versions/A/Frameworks/HIToolbox.framework/Versions/A/HIToolbox
0x00007fff6c958000 	/usr/lib/libicucore.A.dylib
0x00007fff4c335000 	/System/Library/Frameworks/QuartzCore.framework/Versions/A/QuartzCore
0x00007fff409f4000 	/System/Library/Frameworks/Carbon.framework/Versions/A/Frameworks/SpeechRecognition.framework/Versions/A/SpeechRecognition
0x00007fff6bba5000 	/usr/lib/libauto.dylib
0x00007fff6e2c0000 	/usr/lib/libxml2.2.dylib
0x00007fff5637a000 	/System/Library/PrivateFrameworks/CoreUI.framework/Versions/A/CoreUI
0x00007fff40d98000 	/System/Library/Frameworks/CoreAudio.framework/Versions/A/CoreAudio
0x00007fff434fd000 	/System/Library/Frameworks/DiskArbitration.framework/Versions/A/DiskArbitration
0x00007fff6cc08000 	/usr/lib/liblangid.dylib
0x00007fff60bc7000 	/System/Library/PrivateFrameworks/MultitouchSupport.framework/Versions/A/MultitouchSupport
0x00007fff43dc0000 	/System/Library/Frameworks/IOKit.framework/Versions/A/IOKit
0x00007fff6b690000 	/usr/lib/libDiagnosticMessagesClient.dylib
0x00007fff42603000 	/System/Library/Frameworks/CoreServices.framework/Versions/A/CoreServices
0x00007fff628fd000 	/System/Library/PrivateFrameworks/PerformanceAnalysis.framework/Versions/A/PerformanceAnalysis
0x00007fff4b4ca000 	/System/Library/Frameworks/OpenGL.framework/Versions/A/OpenGL
0x00007fff40b31000 	/System/Library/Frameworks/ColorSync.framework/Versions/A/ColorSync
0x00007fff41e24000 	/System/Library/Frameworks/CoreImage.framework/Versions/A/CoreImage
0x00007fff43046000 	/System/Library/Frameworks/CoreText.framework/Versions/A/CoreText
0x00007fff43eb6000 	/System/Library/Frameworks/ImageIO.framework/Versions/A/ImageIO
0x00007fff529b5000 	/System/Library/PrivateFrameworks/Backup.framework/Versions/A/Backup
0x00007fff6baf8000 	/usr/lib/libarchive.2.dylib
0x00007fff40232000 	/System/Library/Frameworks/CFNetwork.framework/Versions/A/CFNetwork
0x00007fff4d58d000 	/System/Library/Frameworks/SystemConfiguration.framework/Versions/A/SystemConfiguration
0x00007fff6b5b9000 	/usr/lib/libCRFSuite.dylib
0x00007fff6bc9c000 	/usr/lib/libc++.1.dylib
0x00007fff6bcf4000 	/usr/lib/libc++abi.dylib
0x00007fff6e450000 	/usr/lib/system/libcache.dylib
0x00007fff6e455000 	/usr/lib/system/libcommonCrypto.dylib
0x00007fff6e460000 	/usr/lib/system/libcompiler_rt.dylib
0x00007fff6e468000 	/usr/lib/system/libcopyfile.dylib
0x00007fff6e472000 	/usr/lib/system/libcorecrypto.dylib
0x00007fff6e57d000 	/usr/lib/system/libdispatch.dylib
0x00007fff6e5b8000 	/usr/lib/system/libdyld.dylib
0x00007fff6e5e8000 	/usr/lib/system/libkeymgr.dylib
0x00007fff6e5f6000 	/usr/lib/system/liblaunch.dylib
0x00007fff6e5f7000 	/usr/lib/system/libmacho.dylib
0x00007fff6e5fd000 	/usr/lib/system/libquarantine.dylib
0x00007fff6e600000 	/usr/lib/system/libremovefile.dylib
0x00007fff6e602000 	/usr/lib/system/libsystem_asl.dylib
0x00007fff6e61a000 	/usr/lib/system/libsystem_blocks.dylib
0x00007fff6e61b000 	/usr/lib/system/libsystem_c.dylib
0x00007fff6e6a4000 	/usr/lib/system/libsystem_configuration.dylib
0x00007fff6e6a8000 	/usr/lib/system/libsystem_coreservices.dylib
0x00007fff6e6ac000 	/usr/lib/system/libsystem_darwin.dylib
0x00007fff6e6b3000 	/usr/lib/system/libsystem_dnssd.dylib
0x00007fff6e6ba000 	/usr/lib/system/libsystem_info.dylib
0x00007fff6e730000 	/usr/lib/system/libsystem_m.dylib
0x00007fff6e77c000 	/usr/lib/system/libsystem_malloc.dylib
0x00007fff6e7a1000 	/usr/lib/system/libsystem_networkextension.dylib
0x00007fff6e7ad000 	/usr/lib/system/libsystem_notify.dylib
0x00007fff6e7ca000 	/usr/lib/system/libsystem_sandbox.dylib
0x00007fff6e7ce000 	/usr/lib/system/libsystem_secinit.dylib
0x00007fff6e707000 	/usr/lib/system/libsystem_kernel.dylib
0x00007fff6e7b5000 	/usr/lib/system/libsystem_platform.dylib
0x00007fff6e7bf000 	/usr/lib/system/libsystem_pthread.dylib
0x00007fff6e7d1000 	/usr/lib/system/libsystem_symptoms.dylib
0x00007fff6e7d9000 	/usr/lib/system/libsystem_trace.dylib
0x00007fff6e7f0000 	/usr/lib/system/libunwind.dylib
0x00007fff6e7f6000 	/usr/lib/system/libxpc.dylib
0x00007fff6bc7c000 	/usr/lib/libbsm.0.dylib
0x00007fff6e5e9000 	/usr/lib/system/libkxld.dylib
0x00007fff51c62000 	/System/Library/PrivateFrameworks/AppleFSCompression.framework/Versions/A/AppleFSCompression
0x00007fff6b901000 	/usr/lib/libOpenScriptingUtil.dylib
0x00007fff6bfdf000 	/usr/lib/libcoretls.dylib
0x00007fff6bff6000 	/usr/lib/libcoretls_cfhelpers.dylib
0x00007fff6dc83000 	/usr/lib/libpam.2.dylib
0x00007fff6de46000 	/usr/lib/libsqlite3.dylib
0x00007fff6e2ae000 	/usr/lib/libxar.1.dylib
0x00007fff6bc8d000 	/usr/lib/libbz2.1.0.dylib
0x00007fff6cc0a000 	/usr/lib/liblzma.5.dylib
0x00007fff6d100000 	/usr/lib/libnetwork.dylib
0x00007fff6bae1000 	/usr/lib/libapple_nghttp2.dylib
0x00007fff6dc8a000 	/usr/lib/libpcap.A.dylib
0x00007fff429a7000 	/System/Library/Frameworks/CoreServices.framework/Versions/A/Frameworks/FSEvents.framework/Versions/A/FSEvents
0x00007fff42683000 	/System/Library/Frameworks/CoreServices.framework/Versions/A/Frameworks/CarbonCore.framework/Versions/A/CarbonCore
0x00007fff42b7c000 	/System/Library/Frameworks/CoreServices.framework/Versions/A/Frameworks/Metadata.framework/Versions/A/Metadata
0x00007fff42c1f000 	/System/Library/Frameworks/CoreServices.framework/Versions/A/Frameworks/OSServices.framework/Versions/A/OSServices
0x00007fff42c6b000 	/System/Library/Frameworks/CoreServices.framework/Versions/A/Frameworks/SearchKit.framework/Versions/A/SearchKit
0x00007fff42604000 	/System/Library/Frameworks/CoreServices.framework/Versions/A/Frameworks/AE.framework/Versions/A/AE
0x00007fff429b0000 	/System/Library/Frameworks/CoreServices.framework/Versions/A/Frameworks/LaunchServices.framework/Versions/A/LaunchServices
0x00007fff4295c000 	/System/Library/Frameworks/CoreServices.framework/Versions/A/Frameworks/DictionaryServices.framework/Versions/A/DictionaryServices
0x00007fff42cda000 	/System/Library/Frameworks/CoreServices.framework/Versions/A/Frameworks/SharedFileList.framework/Versions/A/SharedFileList
0x00007fff4745b000 	/System/Library/Frameworks/NetFS.framework/Versions/A/NetFS
0x00007fff60e64000 	/System/Library/PrivateFrameworks/NetAuth.framework/Versions/A/NetAuth
0x00007fff6b2fc000 	/System/Library/PrivateFrameworks/login.framework/Versions/A/Frameworks/loginsupport.framework/Versions/A/loginsupport
0x00007fff69308000 	/System/Library/PrivateFrameworks/TCC.framework/Versions/A/TCC
0x00007fff55982000 	/System/Library/PrivateFrameworks/CoreNLP.framework/Versions/A/CoreNLP
0x00007fff608b8000 	/System/Library/PrivateFrameworks/MetadataUtilities.framework/Versions/A/MetadataUtilities
0x00007fff6cceb000 	/usr/lib/libmecabra.dylib
0x00007fff3f72b000 	/System/Library/Frameworks/ApplicationServices.framework/Versions/A/Frameworks/ATS.framework/Versions/A/ATS
0x00007fff3fa96000 	/System/Library/Frameworks/ApplicationServices.framework/Versions/A/Frameworks/ColorSyncLegacy.framework/Versions/A/ColorSyncLegacy
0x00007fff3fb37000 	/System/Library/Frameworks/ApplicationServices.framework/Versions/A/Frameworks/HIServices.framework/Versions/A/HIServices
0x00007fff3fb8a000 	/System/Library/Frameworks/ApplicationServices.framework/Versions/A/Frameworks/LangAnalysis.framework/Versions/A/LangAnalysis
0x00007fff3fb99000 	/System/Library/Frameworks/ApplicationServices.framework/Versions/A/Frameworks/PrintCore.framework/Versions/A/PrintCore
0x00007fff3fbe6000 	/System/Library/Frameworks/ApplicationServices.framework/Versions/A/Frameworks/QD.framework/Versions/A/QD
0x00007fff3fc22000 	/System/Library/Frameworks/ApplicationServices.framework/Versions/A/Frameworks/SpeechSynthesis.framework/Versions/A/SpeechSynthesis
0x00007fff6bd1c000 	/usr/lib/libcompression.dylib
0x00007fff4125c000 	/System/Library/Frameworks/CoreDisplay.framework/Versions/A/CoreDisplay
0x00007fff4625d000 	/System/Library/Frameworks/MetalPerformanceShaders.framework/Versions/A/MetalPerformanceShaders
0x00007fff3d68a000 	/System/Library/Frameworks/Accelerate.framework/Versions/A/Frameworks/vImage.framework/Versions/A/vImage
0x00007fff3e706000 	/System/Library/Frameworks/Accelerate.framework/Versions/A/Frameworks/vecLib.framework/Versions/A/vecLib
0x00007fff3e650000 	/System/Library/Frameworks/Accelerate.framework/Versions/A/Frameworks/vecLib.framework/Versions/A/libvMisc.dylib
0x00007fff3e46b000 	/System/Library/Frameworks/Accelerate.framework/Versions/A/Frameworks/vecLib.framework/Versions/A/libvDSP.dylib
0x00007fff3dd2b000 	/System/Library/Frameworks/Accelerate.framework/Versions/A/Frameworks/vecLib.framework/Versions/A/libBLAS.dylib
0x00007fff3e016000 	/System/Library/Frameworks/Accelerate.framework/Versions/A/Frameworks/vecLib.framework/Versions/A/libLAPACK.dylib
0x00007fff3e3bd000 	/System/Library/Frameworks/Accelerate.framework/Versions/A/Frameworks/vecLib.framework/Versions/A/libLinearAlgebra.dylib
0x00007fff3e457000 	/System/Library/Frameworks/Accelerate.framework/Versions/A/Frameworks/vecLib.framework/Versions/A/libSparseBLAS.dylib
0x00007fff3e3d3000 	/System/Library/Frameworks/Accelerate.framework/Versions/A/Frameworks/vecLib.framework/Versions/A/libQuadrature.dylib
0x00007fff3dfa3000 	/System/Library/Frameworks/Accelerate.framework/Versions/A/Frameworks/vecLib.framework/Versions/A/libBNNS.dylib
0x00007fff3e3d9000 	/System/Library/Frameworks/Accelerate.framework/Versions/A/Frameworks/vecLib.framework/Versions/A/libSparse.dylib
0x00007fff5cea9000 	/System/Library/PrivateFrameworks/GPUWrangler.framework/Versions/A/GPUWrangler
0x00007fff5f2de000 	/System/Library/PrivateFrameworks/IOAccelerator.framework/Versions/A/IOAccelerator
0x00007fff5f2e9000 	/System/Library/PrivateFrameworks/IOPresentment.framework/Versions/A/IOPresentment
0x00007fff5678b000 	/System/Library/PrivateFrameworks/DSExternalDisplay.framework/Versions/A/DSExternalDisplay
0x00007fff4a90f000 	/System/Library/Frameworks/OpenGL.framework/Versions/A/Libraries/libCoreFSCache.dylib
0x00007fff46045000 	/System/Library/Frameworks/MetalPerformanceShaders.framework/Frameworks/MPSCore.framework/Versions/A/MPSCore
0x00007fff46066000 	/System/Library/Frameworks/MetalPerformanceShaders.framework/Frameworks/MPSImage.framework/Versions/A/MPSImage
0x00007fff4610e000 	/System/Library/Frameworks/MetalPerformanceShaders.framework/Frameworks/MPSNeuralNetwork.framework/Versions/A/MPSNeuralNetwork
0x00007fff460e5000 	/System/Library/Frameworks/MetalPerformanceShaders.framework/Frameworks/MPSMatrix.framework/Versions/A/MPSMatrix
0x00007fff46241000 	/System/Library/Frameworks/MetalPerformanceShaders.framework/Frameworks/MPSRayIntersector.framework/Versions/A/MPSRayIntersector
0x00007fff608e1000 	/System/Library/PrivateFrameworks/MetalTools.framework/Versions/A/MetalTools
0x00007fff5135c000 	/System/Library/PrivateFrameworks/AggregateDictionary.framework/Versions/A/AggregateDictionary
0x00007fff6b8e1000 	/usr/lib/libMobileGestalt.dylib
0x00007fff431ac000 	/System/Library/Frameworks/CoreVideo.framework/Versions/A/CoreVideo
0x00007fff5dd19000 	/System/Library/PrivateFrameworks/GraphVisualizer.framework/Versions/A/GraphVisualizer
0x00007fff57ab4000 	/System/Library/PrivateFrameworks/FaceCore.framework/Versions/A/FaceCore
0x00007fff49f27000 	/System/Library/Frameworks/OpenCL.framework/Versions/A/OpenCL
0x00007fff6b6c8000 	/usr/lib/libFosl_dynamic.dylib
0x00007fff6173c000 	/System/Library/PrivateFrameworks/OTSVG.framework/Versions/A/OTSVG
0x00007fff3f82f000 	/System/Library/Frameworks/ApplicationServices.framework/Versions/A/Frameworks/ATS.framework/Versions/A/Resources/libFontParser.dylib
0x00007fff3f94f000 	/System/Library/Frameworks/ApplicationServices.framework/Versions/A/Frameworks/ATS.framework/Versions/A/Resources/libFontRegistry.dylib
0x00007fff44140000 	/System/Library/Frameworks/ImageIO.framework/Versions/A/Resources/libJPEG.dylib
0x00007fff44462000 	/System/Library/Frameworks/ImageIO.framework/Versions/A/Resources/libTIFF.dylib
0x00007fff44438000 	/System/Library/Frameworks/ImageIO.framework/Versions/A/Resources/libPng.dylib
0x00007fff44055000 	/System/Library/Frameworks/ImageIO.framework/Versions/A/Resources/libGIF.dylib
0x00007fff4405a000 	/System/Library/Frameworks/ImageIO.framework/Versions/A/Resources/libJP2.dylib
0x00007fff4445f000 	/System/Library/Frameworks/ImageIO.framework/Versions/A/Resources/libRadiance.dylib
0x00007fff51dbb000 	/System/Library/PrivateFrameworks/AppleJPEG.framework/Versions/A/AppleJPEG
0x00007fff4a91a000 	/System/Library/Frameworks/OpenGL.framework/Versions/A/Libraries/libGFXShared.dylib
0x00007fff4aadd000 	/System/Library/Frameworks/OpenGL.framework/Versions/A/Libraries/libGLU.dylib
0x00007fff4a923000 	/System/Library/Frameworks/OpenGL.framework/Versions/A/Libraries/libGL.dylib
0x00007fff4a92f000 	/System/Library/Frameworks/OpenGL.framework/Versions/A/Libraries/libGLImage.dylib
0x00007fff4a90c000 	/System/Library/Frameworks/OpenGL.framework/Versions/A/Libraries/libCVMSPluginSupport.dylib
0x00007fff4a915000 	/System/Library/Frameworks/OpenGL.framework/Versions/A/Libraries/libCoreVMClient.dylib
0x00007fff6c66e000 	/usr/lib/libcups.2.dylib
0x00007fff4555a000 	/System/Library/Frameworks/Kerberos.framework/Versions/A/Kerberos
0x00007fff43b0a000 	/System/Library/Frameworks/GSS.framework/Versions/A/GSS
0x00007fff6ddda000 	/usr/lib/libresolv.9.dylib
0x00007fff6c866000 	/usr/lib/libiconv.2.dylib
0x00007fff5de79000 	/System/Library/PrivateFrameworks/Heimdal.framework/Versions/A/Heimdal
0x00007fff6c835000 	/usr/lib/libheimdal-asn1.dylib
0x00007fff49f9d000 	/System/Library/Frameworks/OpenDirectory.framework/Versions/A/OpenDirectory
0x00007fff5467e000 	/System/Library/PrivateFrameworks/CommonAuth.framework/Versions/A/CommonAuth
0x00007fff49f80000 	/System/Library/Frameworks/OpenDirectory.framework/Versions/A/Frameworks/CFOpenDirectory.framework/Versions/A/CFOpenDirectory
0x00007fff4d10b000 	/System/Library/Frameworks/SecurityFoundation.framework/Versions/A/SecurityFoundation
0x00007fff5086b000 	/System/Library/PrivateFrameworks/APFS.framework/Versions/A/APFS
0x00007fff6e2aa000 	/usr/lib/libutil.dylib
0x00007fff6bd0a000 	/usr/lib/libcharset.1.dylib
0x00007fff52057000 	/System/Library/PrivateFrameworks/AppleSauce.framework/Versions/A/AppleSauce
0x00007fff521e5000 	/System/Library/PrivateFrameworks/AssertionServices.framework/Versions/A/AssertionServices
0x00007fff52a58000 	/System/Library/PrivateFrameworks/BaseBoard.framework/Versions/A/BaseBoard
0x00007fff6cc3a000 	/usr/lib/libmecab.1.0.0.dylib
0x00007fff6c82f000 	/usr/lib/libgermantok.dylib
0x00007fff6bacd000 	/usr/lib/libThaiTokenizer.dylib
0x00007fff6b5f4000 	/usr/lib/libChineseTokenizer.dylib
0x00007fff5fa15000 	/System/Library/PrivateFrameworks/LanguageModeling.framework/Versions/A/LanguageModeling
0x00007fff55398000 	/System/Library/PrivateFrameworks/CoreEmoji.framework/Versions/A/CoreEmoji
0x00007fff5fb0d000 	/System/Library/PrivateFrameworks/Lexicon.framework/Versions/A/Lexicon
0x00007fff5fb55000 	/System/Library/PrivateFrameworks/LinguisticData.framework/Versions/A/LinguisticData
0x00007fff6bd0b000 	/usr/lib/libcmph.dylib
0x00007fff4d1cc000 	/System/Library/Frameworks/ServiceManagement.framework/Versions/A/ServiceManagement
0x00007fff529ab000 	/System/Library/PrivateFrameworks/BackgroundTaskManagement.framework/Versions/A/BackgroundTaskManagement
0x00007fff6e3a4000 	/usr/lib/libxslt.1.dylib
0x00007fff4091f000 	/System/Library/Frameworks/Carbon.framework/Versions/A/Frameworks/Ink.framework/Versions/A/Ink
0x00007fff69588000 	/System/Library/PrivateFrameworks/TextureIO.framework/Versions/A/TextureIO
0x00007fff6bb22000 	/usr/lib/libate.dylib
0x00007fff566e7000 	/System/Library/PrivateFrameworks/CrashReporterSupport.framework/Versions/A/CrashReporterSupport
0x00007fff665a9000 	/System/Library/PrivateFrameworks/Sharing.framework/Versions/A/Sharing
0x00007fff52537000 	/System/Library/PrivateFrameworks/AuthKit.framework/Versions/A/AuthKit
0x00007fff5195a000 	/System/Library/PrivateFrameworks/Apple80211.framework/Versions/A/Apple80211
0x00007fff564a7000 	/System/Library/PrivateFrameworks/CoreUtils.framework/Versions/A/CoreUtils
0x00007fff431ea000 	/System/Library/Frameworks/CoreWLAN.framework/Versions/A/CoreWLAN
0x00007fff43c54000 	/System/Library/Frameworks/IOBluetooth.framework/Versions/A/IOBluetooth
0x00007fff648cb000 	/System/Library/PrivateFrameworks/ProtocolBuffer.framework/Versions/A/ProtocolBuffer
0x00007fff60b1e000 	/System/Library/PrivateFrameworks/MobileKeyBag.framework/Versions/A/MobileKeyBag
0x00007fff55cbf000 	/System/Library/PrivateFrameworks/CorePhoneNumbers.framework/Versions/A/CorePhoneNumbers
0x00007fff51d6f000 	/System/Library/PrivateFrameworks/AppleIDAuthSupport.framework/Versions/A/AppleIDAuthSupport
0x00007fff5f9e6000 	/System/Library/PrivateFrameworks/KeychainCircle.framework/Versions/A/KeychainCircle
0x00007fff64a98000 	/System/Library/PrivateFrameworks/ROCKit.framework/Versions/A/ROCKit
0x00007fff56683000 	/System/Library/PrivateFrameworks/CoreWiFi.framework/Versions/A/CoreWiFi
0x00007fff40e8e000 	/System/Library/Frameworks/CoreBluetooth.framework/Versions/A/CoreBluetooth
0x00007fff568d7000 	/System/Library/PrivateFrameworks/DebugSymbols.framework/Versions/A/DebugSymbols
0x00007fff5625c000 	/System/Library/PrivateFrameworks/CoreSymbolication.framework/Versions/A/CoreSymbolication
0x00007fff68d72000 	/System/Library/PrivateFrameworks/Symbolication.framework/Versions/A/Symbolication
0x00007fff67f04000 	/System/Library/PrivateFrameworks/SpeechRecognitionCore.framework/Versions/A/SpeechRecognitionCore
0x0000000101341000 	/Library/Java/JavaVirtualMachines/jdk1.8.0_192.jdk/Contents/Home/jre/lib/server/libjvm.dylib
0x00007fff6e16e000 	/usr/lib/libstdc++.6.dylib
0x00000001022f7000 	/Library/Java/JavaVirtualMachines/jdk1.8.0_192.jdk/Contents/Home/jre/lib/libverify.dylib
0x0000000102305000 	/Library/Java/JavaVirtualMachines/jdk1.8.0_192.jdk/Contents/Home/jre/lib/libjava.dylib
0x0000000102385000 	/Library/Java/JavaVirtualMachines/jdk1.8.0_192.jdk/Contents/Home/jre/lib/libzip.dylib
0x000000011866d000 	/Library/Java/JavaVirtualMachines/jdk1.8.0_192.jdk/Contents/Home/jre/lib/libawt.dylib
0x0000000118716000 	/Library/Java/JavaVirtualMachines/jdk1.8.0_192.jdk/Contents/Home/jre/lib/./libmlib_image.dylib
0x00007fff45543000 	/System/Library/Frameworks/JavaVM.framework/Versions/A/Frameworks/JavaNativeFoundation.framework/Versions/A/JavaNativeFoundation
0x00007fff4554c000 	/System/Library/Frameworks/JavaVM.framework/Versions/A/Frameworks/JavaRuntimeSupport.framework/Versions/A/JavaRuntimeSupport
0x00007fff45555000 	/System/Library/Frameworks/JavaVM.framework/Versions/A/JavaVM
0x00007fff5f8fd000 	/System/Library/PrivateFrameworks/JavaLaunching.framework/Versions/A/JavaLaunching
0x00007fff40608000 	/System/Library/Frameworks/Carbon.framework/Versions/A/Carbon
0x00007fff40609000 	/System/Library/Frameworks/Carbon.framework/Versions/A/Frameworks/CommonPanels.framework/Versions/A/CommonPanels
0x00007fff40915000 	/System/Library/Frameworks/Carbon.framework/Versions/A/Frameworks/Help.framework/Versions/A/Help
0x00007fff40919000 	/System/Library/Frameworks/Carbon.framework/Versions/A/Frameworks/ImageCapture.framework/Versions/A/ImageCapture
0x00007fff409b4000 	/System/Library/Frameworks/Carbon.framework/Versions/A/Frameworks/OpenScripting.framework/Versions/A/OpenScripting
0x00007fff409ef000 	/System/Library/Frameworks/Carbon.framework/Versions/A/Frameworks/Print.framework/Versions/A/Print
0x00007fff409f1000 	/System/Library/Frameworks/Carbon.framework/Versions/A/Frameworks/SecurityHI.framework/Versions/A/SecurityHI
0x00000001187e2000 	/Library/Java/JavaVirtualMachines/jdk1.8.0_192.jdk/Contents/Home/jre/lib/libawt_lwawt.dylib
0x0000000104e48000 	/Library/Java/JavaVirtualMachines/jdk1.8.0_192.jdk/Contents/Home/jre/lib/./libosxapp.dylib
0x00007fff436a3000 	/System/Library/Frameworks/ExceptionHandling.framework/Versions/A/ExceptionHandling
0x00007fff55e56000 	/System/Library/PrivateFrameworks/CoreServicesInternal.framework/Versions/A/CoreServicesInternal
0x00007fff371db000 	/System/Library/CoreServices/RawCamera.bundle/Contents/MacOS/RawCamera
0x00007fff60988000 	/System/Library/PrivateFrameworks/MobileAsset.framework/Versions/A/MobileAsset
0x00007fff685f6000 	/System/Library/PrivateFrameworks/StreamingZip.framework/Versions/A/StreamingZip
0x00007fff458f5000 	/System/Library/Frameworks/MediaToolbox.framework/Versions/A/MediaToolbox
0x00007fff54f1d000 	/System/Library/PrivateFrameworks/CoreAVCHD.framework/Versions/A/CoreAVCHD
0x00007fff45831000 	/System/Library/Frameworks/MediaAccessibility.framework/Versions/A/MediaAccessibility
0x00007fff603ba000 	/System/Library/PrivateFrameworks/Mangrove.framework/Versions/A/Mangrove
0x00007fff4249e000 	/System/Library/Frameworks/CoreMedia.framework/Versions/A/CoreMedia
0x00007fff4d85e000 	/System/Library/Frameworks/VideoToolbox.framework/Versions/A/VideoToolbox
0x00007fff54b45000 	/System/Library/PrivateFrameworks/CoreAUC.framework/Versions/A/CoreAUC
0x00007fff6de44000 	/usr/lib/libspindump.dylib
0x00007fff5214a000 	/System/Library/PrivateFrameworks/AppleVA.framework/Versions/A/AppleVA
0x00007fff3d673000 	/System/Library/Frameworks/Accelerate.framework/Versions/A/Frameworks/vImage.framework/Versions/A/Libraries/libCGInterfaces.dylib
0x00007fff3f9f9000 	/System/Library/Frameworks/ApplicationServices.framework/Versions/A/Frameworks/ATS.framework/Versions/A/Resources/libTrueTypeScaler.dylib
0x00007fff38db3000 	/System/Library/Extensions/AppleIntelBDWGraphicsMTLDriver.bundle/Contents/MacOS/AppleIntelBDWGraphicsMTLDriver
0x00007fff5b7fe000 	/System/Library/PrivateFrameworks/GPUCompiler.framework/Versions/3902/Libraries/libmetal_timestamp.dylib
0x00007fff57ee6000 	/System/Library/PrivateFrameworks/FamilyControls.framework/Versions/A/FamilyControls
0x00007fff54671000 	/System/Library/PrivateFrameworks/CommerceKit.framework/Versions/A/Frameworks/CommerceCore.framework/Versions/A/CommerceCore
0x00007fff6905b000 	/System/Library/PrivateFrameworks/SystemAdministration.framework/Versions/A/SystemAdministration
0x00007fff51854000 	/System/Library/PrivateFrameworks/AppContainer.framework/Versions/A/AppContainer
0x00007fff51871000 	/System/Library/PrivateFrameworks/AppSandbox.framework/Versions/A/AppSandbox
0x00007fff66441000 	/System/Library/PrivateFrameworks/SecCodeWrapper.framework/Versions/A/SecCodeWrapper
0x00007fff6ddf4000 	/usr/lib/libsandbox.1.dylib
0x00007fff6b8ac000 	/usr/lib/libMatch.1.dylib
0x00007fff56c77000 	/System/Library/PrivateFrameworks/DiskManagement.framework/Versions/A/DiskManagement
0x00007fff43410000 	/System/Library/Frameworks/DirectoryService.framework/Versions/A/DirectoryService
0x00007fff56ba4000 	/System/Library/PrivateFrameworks/DiskImages.framework/Versions/A/DiskImages
0x00007fff5fc54000 	/System/Library/PrivateFrameworks/LoginUIKit.framework/Versions/A/Frameworks/LoginUICore.framework/Versions/A/LoginUICore
0x00007fff6b600000 	/usr/lib/libCoreStorage.dylib
0x00007fff6c65a000 	/usr/lib/libcsfde.dylib
0x00007fff6dc71000 	/usr/lib/libodfde.dylib
0x00007fff604db000 	/System/Library/PrivateFrameworks/MediaKit.framework/Versions/A/MediaKit
0x00007fff4341c000 	/System/Library/Frameworks/DiscRecording.framework/Versions/A/DiscRecording
0x00007fff56de4000 	/System/Library/PrivateFrameworks/EFILogin.framework/Versions/A/EFILogin
0x00007fff64873000 	/System/Library/PrivateFrameworks/ProtectedCloudStorage.framework/Versions/A/ProtectedCloudStorage
0x00007fff6c6ef000 	/usr/lib/libcurl.4.dylib
0x00007fff6c4c1000 	/usr/lib/libcrypto.42.dylib
0x00007fff6e120000 	/usr/lib/libssl.44.dylib
0x00007fff45574000 	/System/Library/Frameworks/LDAP.framework/Versions/A/LDAP
0x00007fff69709000 	/System/Library/PrivateFrameworks/TrustEvaluationAgent.framework/Versions/A/TrustEvaluationAgent
0x00007fff6de31000 	/usr/lib/libsasl2.2.dylib
0x00007fff5517c000 	/System/Library/PrivateFrameworks/CoreDaemon.framework/Versions/B/CoreDaemon
0x00007fff52052000 	/System/Library/PrivateFrameworks/AppleSRP.framework/Versions/A/AppleSRP
0x00007fff6a5b9000 	/System/Library/PrivateFrameworks/ViewBridge.framework/Versions/A/ViewBridge
0x00007fff4b4da000 	/System/Library/Frameworks/OpenGL.framework/Versions/A/Resources/GLEngine.bundle/GLEngine
0x00007fff4a96a000 	/System/Library/Frameworks/OpenGL.framework/Versions/A/Libraries/libGLProgrammability.dylib
0x00007fff3888d000 	/System/Library/Extensions/AppleIntelBDWGraphicsGLDriver.bundle/Contents/MacOS/AppleIntelBDWGraphicsGLDriver
0x00007fff5ce9d000 	/System/Library/PrivateFrameworks/GPUSupport.framework/Versions/A/Libraries/libGPUSupportMercury.dylib
0x00007fff4b671000 	/System/Library/Frameworks/OpenGL.framework/Versions/A/Resources/GLRendererFloat.bundle/GLRendererFloat
0x00007fff49f1e000 	/System/Library/Frameworks/OpenCL.framework/Versions/A/Libraries/libcldcpuengine.dylib
0x00007fff6c196000 	/usr/lib/libcrypto.35.dylib
0x000000011cd09000 	/Library/Java/JavaVirtualMachines/jdk1.8.0_192.jdk/Contents/Home/jre/lib/libfontmanager.dylib
0x000000011cd70000 	/usr/lib/libobjc-trampolines.dylib
0x000000011e0bb000 	/Library/Java/JavaVirtualMachines/jdk1.8.0_192.jdk/Contents/Home/jre/lib/libosxui.dylib
0x000000011ed5c000 	/Library/Java/JavaVirtualMachines/jdk1.8.0_192.jdk/Contents/Home/jre/lib/libnet.dylib
0x000000011edbb000 	/Library/Java/JavaVirtualMachines/jdk1.8.0_192.jdk/Contents/Home/jre/lib/libnio.dylib
0x000000011b12b000 	/private/var/folders/mq/bztmbnc13v74yy3hk88lnzf00000gn/T/jogamp_0000/file_cache/jln2293236731913571349/jln6649535671047706438/libgluegen-rt.jnilib
0x000000011b130000 	/private/var/folders/mq/bztmbnc13v74yy3hk88lnzf00000gn/T/jogamp_0000/file_cache/jln2293236731913571349/jln6649535671047706438/libnativewindow_awt.jnilib
0x000000011b133000 	/Library/Java/JavaVirtualMachines/jdk1.8.0_192.jdk/Contents/Home/jre/lib/libjawt.dylib
0x000000011b136000 	/private/var/folders/mq/bztmbnc13v74yy3hk88lnzf00000gn/T/jogamp_0000/file_cache/jln2293236731913571349/jln6649535671047706438/libnativewindow_macosx.jnilib
0x000000014f482000 	/private/var/folders/mq/bztmbnc13v74yy3hk88lnzf00000gn/T/jogamp_0000/file_cache/jln2293236731913571349/jln6649535671047706438/libjogl_desktop.jnilib
0x000000011bb1c000 	/Library/Java/JavaVirtualMachines/jdk1.8.0_192.jdk/Contents/Home/jre/lib/libsunec.dylib
0x000000011e055000 	/Library/Java/JavaVirtualMachines/jdk1.8.0_192.jdk/Contents/Home/jre/lib/libt2k.dylib

VM Arguments:
jvm_args: -Djava.security.policy=java.policy.applet -Dfile.encoding=UTF-8 
java_command: sun.applet.AppletViewer EarthquakeCityMap.EarthquakeCityMap1552379031372.html
java_class_path (initial): /Users/skumar/eclipse-workspace/EarthquakeCityMap/build:/Users/skumar/eclipse-workspace/EarthquakeCityMap/lib/core.jar:/Users/skumar/eclipse-workspace/EarthquakeCityMap/lib/gluegen-rt.jar:/Users/skumar/eclipse-workspace/EarthquakeCityMap/lib/jogl-all.jar:/Users/skumar/eclipse-workspace/EarthquakeCityMap/lib/log4j-1.2.15.jar:/Users/skumar/eclipse-workspace/EarthquakeCityMap/lib/sqlite-jdbc-3.7.2.jar:/Users/skumar/eclipse-workspace/EarthquakeCityMap/lib/json4processing.jar:/Users/skumar/eclipse-workspace/EarthquakeCityMap/lib/libTUIO.jar:/Users/skumar/eclipse-workspace/EarthquakeCityMap/lib/unfolding.0.9.6.jar
Launcher Type: SUN_STANDARD

Environment Variables:
PATH=/usr/bin:/bin:/usr/sbin:/sbin
SHELL=/bin/bash

Signal Handlers:
SIGSEGV: [libjvm.dylib+0x5b67a9], sa_mask[0]=11111111011111110111111111111111, sa_flags=SA_ONSTACK|SA_RESTART|SA_SIGINFO
SIGBUS: [libjvm.dylib+0x5b67a9], sa_mask[0]=11111111011111110111111111111111, sa_flags=SA_RESTART|SA_SIGINFO
SIGFPE: [libjvm.dylib+0x48bf5c], sa_mask[0]=11111111011111110111111111111111, sa_flags=SA_RESTART|SA_SIGINFO
SIGPIPE: [libjvm.dylib+0x48bf5c], sa_mask[0]=11111111011111110111111111111111, sa_flags=SA_RESTART|SA_SIGINFO
SIGXFSZ: [libjvm.dylib+0x48bf5c], sa_mask[0]=11111111011111110111111111111111, sa_flags=SA_RESTART|SA_SIGINFO
SIGILL: [libjvm.dylib+0x48bf5c], sa_mask[0]=11111111011111110111111111111111, sa_flags=SA_RESTART|SA_SIGINFO
SIGUSR1: SIG_DFL, sa_mask[0]=00000000000000000000000000000000, sa_flags=none
SIGUSR2: [libjvm.dylib+0x48ba7a], sa_mask[0]=00100000000000000000000000000000, sa_flags=SA_RESTART|SA_SIGINFO
SIGHUP: [libjvm.dylib+0x48a005], sa_mask[0]=11111111011111110111111111111111, sa_flags=SA_RESTART|SA_SIGINFO
SIGINT: [libjvm.dylib+0x48a005], sa_mask[0]=11111111011111110111111111111111, sa_flags=SA_RESTART|SA_SIGINFO
SIGTERM: [libjvm.dylib+0x48a005], sa_mask[0]=11111111011111110111111111111111, sa_flags=SA_RESTART|SA_SIGINFO
SIGQUIT: [libjvm.dylib+0x48a005], sa_mask[0]=11111111011111110111111111111111, sa_flags=SA_RESTART|SA_SIGINFO


---------------  S Y S T E M  ---------------

OS:Bsduname:Darwin 18.2.0 Darwin Kernel Version 18.2.0: Thu Dec 20 20:46:53 PST 2018; root:xnu-4903.241.1~1/RELEASE_X86_64 x86_64
rlimit: STACK 8192k, CORE 0k, NPROC 709, NOFILE 10240, AS infinity
load average:1.82 2.18 1.66

CPU:total 4 (initial active 4) (2 cores per cpu, 2 threads per core) family 6 model 61 stepping 4, cmov, cx8, fxsr, mmx, sse, sse2, sse3, ssse3, sse4.1, sse4.2, popcnt, avx, avx2, aes, clmul, erms, rtm, 3dnowpref, lzcnt, ht, tsc, tscinvbit, bmi1, bmi2, adx

Memory: 4k page, physical 8388608k(3190996k free)

/proc/meminfo:


vm_info: Java HotSpot(TM) 64-Bit Server VM (25.192-b12) for bsd-amd64 JRE (1.8.0_192-b12), built on Oct  6 2018 09:36:52 by "java_re" with gcc 4.2.1 (Based on Apple Inc. build 5658) (LLVM build 2336.11.00)

time: Tue Mar 12 13:57:01 2019
timezone: IST
elapsed time: 190 seconds (0d 0h 3m 10s)

